D:\RESEARCH\ASTROV2010\ASTRO\DEBUG\ASTRO.EXE.EMBED.MANIFEST.RES
D:\RESEARCH\ASTROV2010\ASTRO\DEBUG\ASTRO.EXE.INTERMEDIATE.MANIFEST
D:\RESEARCH\ASTROV2010\ASTRO\DEBUG\ASTRO.OBJ
D:\RESEARCH\ASTROV2010\ASTRO\DEBUG\ASTRO.PCH
D:\RESEARCH\ASTROV2010\ASTRO\DEBUG\ASTRO.RES
D:\RESEARCH\ASTROV2010\ASTRO\DEBUG\ASTRODOC.OBJ
D:\RESEARCH\ASTROV2010\ASTRO\DEBUG\ASTROVIEW.OBJ
D:\RESEARCH\ASTROV2010\ASTRO\DEBUG\CDIB.OBJ
D:\RESEARCH\ASTROV2010\ASTRO\DEBUG\CHILDFRM.OBJ
D:\RESEARCH\ASTROV2010\ASTRO\DEBUG\DICOMINFO.OBJ
D:\RESEARCH\ASTROV2010\ASTRO\DEBUG\IMAGEINFO.OBJ
D:\RESEARCH\ASTROV2010\ASTRO\DEBUG\MAINFRM.OBJ
D:\RESEARCH\ASTROV2010\ASTRO\DEBUG\PROCESSTOOL.OBJ
D:\RESEARCH\ASTROV2010\ASTRO\DEBUG\STDAFX.OBJ
D:\RESEARCH\ASTROV2010\ASTRO\DEBUG\VC100.PDB
D:\RESEARCH\ASTROV2010\DEBUG\ASTRO.EXE
D:\RESEARCH\ASTROV2010\DEBUG\ASTRO.ILK
D:\RESEARCH\ASTROV2010\DEBUG\ASTRO.PDB
D:\RESEARCH\SANTE_PROYECT\ASTRO\ASTRO\DEBUG\ASTRO.EXE.EMBED.MANIFEST
D:\RESEARCH\SANTE_PROYECT\ASTRO\ASTRO\DEBUG\ASTRO.EXE.EMBED.MANIFEST.RES
D:\RESEARCH\SANTE_PROYECT\ASTRO\ASTRO\DEBUG\ASTRO.EXE.INTERMEDIATE.MANIFEST
D:\RESEARCH\SANTE_PROYECT\ASTRO\ASTRO\DEBUG\ASTRO.OBJ
D:\RESEARCH\SANTE_PROYECT\ASTRO\ASTRO\DEBUG\ASTRO.PCH
D:\RESEARCH\SANTE_PROYECT\ASTRO\ASTRO\DEBUG\ASTRO.RES
D:\RESEARCH\SANTE_PROYECT\ASTRO\ASTRO\DEBUG\ASTRODOC.OBJ
D:\RESEARCH\SANTE_PROYECT\ASTRO\ASTRO\DEBUG\ASTROVIEW.OBJ
D:\RESEARCH\SANTE_PROYECT\ASTRO\ASTRO\DEBUG\CDIB.OBJ
D:\RESEARCH\SANTE_PROYECT\ASTRO\ASTRO\DEBUG\CHILDFRM.OBJ
D:\RESEARCH\SANTE_PROYECT\ASTRO\ASTRO\DEBUG\DICOMINFO.OBJ
D:\RESEARCH\SANTE_PROYECT\ASTRO\ASTRO\DEBUG\IMAGEINFO.OBJ
D:\RESEARCH\SANTE_PROYECT\ASTRO\ASTRO\DEBUG\MAINFRM.OBJ
D:\RESEARCH\SANTE_PROYECT\ASTRO\ASTRO\DEBUG\PROCESSTOOL.OBJ
D:\RESEARCH\SANTE_PROYECT\ASTRO\ASTRO\DEBUG\STDAFX.OBJ
D:\RESEARCH\SANTE_PROYECT\ASTRO\ASTRO\DEBUG\VC100.PDB
D:\RESEARCH\SANTE_PROYECT\ASTRO\DEBUG\ASTRO.EXE
D:\RESEARCH\SANTE_PROYECT\ASTRO\DEBUG\ASTRO.ILK
D:\RESEARCH\SANTE_PROYECT\ASTRO\DEBUG\ASTRO.PDB
D:\Research\SANTE_Proyect\AstroV2010\Astro\Debug\Astro.exe.embed.manifest
D:\RESEARCH\SANTE_PROYECT\ASTROV2010\ASTRO\DEBUG\ASTRO.EXE.EMBED.MANIFEST.RES
D:\RESEARCH\SANTE_PROYECT\ASTROV2010\ASTRO\DEBUG\ASTRO.EXE.INTERMEDIATE.MANIFEST
D:\RESEARCH\SANTE_PROYECT\ASTROV2010\ASTRO\DEBUG\ASTRO.OBJ
D:\RESEARCH\SANTE_PROYECT\ASTROV2010\ASTRO\DEBUG\ASTRO.PCH
D:\RESEARCH\SANTE_PROYECT\ASTROV2010\ASTRO\DEBUG\ASTRO.RES
D:\Research\SANTE_Proyect\AstroV2010\Astro\Debug\Astro_manifest.rc
D:\RESEARCH\SANTE_PROYECT\ASTROV2010\ASTRO\DEBUG\ASTRODOC.OBJ
D:\RESEARCH\SANTE_PROYECT\ASTROV2010\ASTRO\DEBUG\ASTROVIEW.OBJ
D:\RESEARCH\SANTE_PROYECT\ASTROV2010\ASTRO\DEBUG\CDIB.OBJ
D:\RESEARCH\SANTE_PROYECT\ASTROV2010\ASTRO\DEBUG\CHILDFRM.OBJ
D:\Research\SANTE_Proyect\AstroV2010\Astro\Debug\cl.command.1.tlog
D:\Research\SANTE_Proyect\AstroV2010\Astro\Debug\CL.read.1.tlog
D:\Research\SANTE_Proyect\AstroV2010\Astro\Debug\CL.write.1.tlog
D:\RESEARCH\SANTE_PROYECT\ASTROV2010\ASTRO\DEBUG\DICOMINFO.OBJ
D:\RESEARCH\SANTE_PROYECT\ASTROV2010\ASTRO\DEBUG\IMAGEINFO.OBJ
D:\Research\SANTE_Proyect\AstroV2010\Astro\Debug\link.5384.read.1.tlog
D:\Research\SANTE_Proyect\AstroV2010\Astro\Debug\link.5384.write.1.tlog
D:\Research\SANTE_Proyect\AstroV2010\Astro\Debug\link.5384-cvtres.read.1.tlog
D:\Research\SANTE_Proyect\AstroV2010\Astro\Debug\link.5384-cvtres.write.1.tlog
D:\Research\SANTE_Proyect\AstroV2010\Astro\Debug\link.command.1.tlog
D:\Research\SANTE_Proyect\AstroV2010\Astro\Debug\link.read.1.tlog
D:\Research\SANTE_Proyect\AstroV2010\Astro\Debug\link.write.1.tlog
D:\Research\SANTE_Proyect\AstroV2010\Astro\Debug\link-cvtres.read.1.tlog
D:\Research\SANTE_Proyect\AstroV2010\Astro\Debug\link-cvtres.write.1.tlog
D:\RESEARCH\SANTE_PROYECT\ASTROV2010\ASTRO\DEBUG\MAINFRM.OBJ
D:\Research\SANTE_Proyect\AstroV2010\Astro\Debug\mt.command.1.tlog
D:\Research\SANTE_Proyect\AstroV2010\Astro\Debug\mt.read.1.tlog
D:\Research\SANTE_Proyect\AstroV2010\Astro\Debug\mt.write.1.tlog
D:\RESEARCH\SANTE_PROYECT\ASTROV2010\ASTRO\DEBUG\PROCESSTOOL.OBJ
D:\Research\SANTE_Proyect\AstroV2010\Astro\Debug\rc.command.1.tlog
D:\Research\SANTE_Proyect\AstroV2010\Astro\Debug\rc.read.1.tlog
D:\Research\SANTE_Proyect\AstroV2010\Astro\Debug\rc.write.1.tlog
D:\RESEARCH\SANTE_PROYECT\ASTROV2010\ASTRO\DEBUG\STDAFX.OBJ
D:\Research\SANTE_Proyect\AstroV2010\Astro\Debug\vc100.idb
D:\RESEARCH\SANTE_PROYECT\ASTROV2010\ASTRO\DEBUG\VC100.PDB
D:\RESEARCH\SANTE_PROYECT\ASTROV2010\DEBUG\ASTRO.EXE
D:\RESEARCH\SANTE_PROYECT\ASTROV2010\DEBUG\ASTRO.ILK
D:\RESEARCH\SANTE_PROYECT\ASTROV2010\DEBUG\ASTRO.PDB
