Build started 22-Feb-12 10:13:50 PM.
     1>Project "D:\Research\SANTE_Proyect\AstroV2010\Astro\Astro.vcxproj" on node 2 (build target(s)).
     1>InitializeBuildStatus:
         Creating "Release\Astro.unsuccessfulbuild" because "AlwaysCreate" was specified.
       ClCompile:
         C:\Program Files\Microsoft Visual Studio 10.0\VC\bin\CL.exe /c /Zi /nologo /W3 /WX- /O2 /Oi /Oy- /GL /D WIN32 /D _WINDOWS /D NDEBUG /D _MBCS /D _AFXDLL /Gm- /EHsc /MD /GS /Gy /fp:precise /Zc:wchar_t /Zc:forScope /Yc"StdAfx.h" /Fp"Release\Astro.pch" /Fo"Release\\" /Fd"Release\vc100.pdb" /Gd /TP /analyze- /errorReport:prompt stdafx.cpp
         stdafx.cpp
         C:\Program Files\Microsoft Visual Studio 10.0\VC\bin\CL.exe /c /Zi /nologo /W3 /WX- /O2 /Oi /Oy- /GL /D WIN32 /D _WINDOWS /D NDEBUG /D _MBCS /D _AFXDLL /Gm- /EHsc /MD /GS /Gy /fp:precise /Zc:wchar_t /Zc:forScope /Yu"StdAfx.h" /Fp"Release\Astro.pch" /Fo"Release\\" /Fd"Release\vc100.pdb" /Gd /TP /analyze- /errorReport:prompt Astro.cpp AstroDoc.cpp AstroView.cpp CDib.cpp ChildFrm.cpp DicomInfo.cpp ImageInfo.cpp MainFrm.cpp ProcessTool.cpp
         Astro.cpp
         AstroDoc.cpp
         AstroView.cpp
         CDib.cpp
     1>CDib.cpp(35): warning C4996: 'sprintf': This function or variable may be unsafe. Consider using sprintf_s instead. To disable deprecation, use _CRT_SECURE_NO_WARNINGS. See online help for details.
                 C:\Program Files\Microsoft Visual Studio 10.0\VC\include\stdio.h(371) : see declaration of 'sprintf'
     1>CDib.cpp(107): warning C4996: 'sprintf': This function or variable may be unsafe. Consider using sprintf_s instead. To disable deprecation, use _CRT_SECURE_NO_WARNINGS. See online help for details.
                 C:\Program Files\Microsoft Visual Studio 10.0\VC\include\stdio.h(371) : see declaration of 'sprintf'
     1>CDib.cpp(140): warning C4101: 'status' : unreferenced local variable
     1>CDib.cpp(188): warning C4996: '_localtime64': This function or variable may be unsafe. Consider using _localtime64_s instead. To disable deprecation, use _CRT_SECURE_NO_WARNINGS. See online help for details.
                 C:\Program Files\Microsoft Visual Studio 10.0\VC\include\time.h(201) : see declaration of '_localtime64'
     1>CDib.cpp(199): warning C4996: 'sprintf': This function or variable may be unsafe. Consider using sprintf_s instead. To disable deprecation, use _CRT_SECURE_NO_WARNINGS. See online help for details.
                 C:\Program Files\Microsoft Visual Studio 10.0\VC\include\stdio.h(371) : see declaration of 'sprintf'
     1>CDib.cpp(199): warning C4996: 'asctime': This function or variable may be unsafe. Consider using asctime_s instead. To disable deprecation, use _CRT_SECURE_NO_WARNINGS. See online help for details.
                 C:\Program Files\Microsoft Visual Studio 10.0\VC\include\time.h(153) : see declaration of 'asctime'
     1>CDib.cpp(703): warning C4996: 'sprintf': This function or variable may be unsafe. Consider using sprintf_s instead. To disable deprecation, use _CRT_SECURE_NO_WARNINGS. See online help for details.
                 C:\Program Files\Microsoft Visual Studio 10.0\VC\include\stdio.h(371) : see declaration of 'sprintf'
     1>CDib.cpp(921): warning C4996: 'sprintf': This function or variable may be unsafe. Consider using sprintf_s instead. To disable deprecation, use _CRT_SECURE_NO_WARNINGS. See online help for details.
                 C:\Program Files\Microsoft Visual Studio 10.0\VC\include\stdio.h(371) : see declaration of 'sprintf'
         ChildFrm.cpp
         DicomInfo.cpp
         ImageInfo.cpp
         MainFrm.cpp
         ProcessTool.cpp
       ResourceCompile:
         C:\Program Files\Microsoft SDKs\Windows\v7.0A\bin\rc.exe /D NDEBUG /D _AFXDLL /l"0x0409" /IRelease\ /nologo /fo"Release\Astro.res" Astro.rc 
       Link:
         C:\Program Files\Microsoft Visual Studio 10.0\VC\bin\link.exe /ERRORREPORT:PROMPT /OUT:"D:\Research\SANTE_Proyect\AstroV2010\Release\Astro.exe" /INCREMENTAL:NO /NOLOGO ..\release\dicom.lib ..\release\filter.lib /MANIFEST /ManifestFile:"Release\Astro.exe.intermediate.manifest" /MANIFESTUAC:"level='asInvoker' uiAccess='false'" /DEBUG /PDB:"D:\Research\SANTE_Proyect\AstroV2010\Release\Astro.pdb" /SUBSYSTEM:WINDOWS /OPT:REF /OPT:ICF /LTCG /TLBID:1 /DYNAMICBASE /NXCOMPAT /IMPLIB:"D:\Research\SANTE_Proyect\AstroV2010\Release\Astro.lib" /MACHINE:X86 Release\Astro.res
         Release\Astro.obj
         Release\AstroDoc.obj
         Release\AstroView.obj
         Release\CDib.obj
         Release\ChildFrm.obj
         Release\DicomInfo.obj
         Release\ImageInfo.obj
         Release\MainFrm.obj
         Release\ProcessTool.obj
         Release\stdafx.obj
         Generating code
         Finished generating code
         Astro.vcxproj -> D:\Research\SANTE_Proyect\AstroV2010\Release\Astro.exe
       Manifest:
         C:\Program Files\Microsoft SDKs\Windows\v7.0A\bin\mt.exe /nologo /verbose /outputresource:"D:\Research\SANTE_Proyect\AstroV2010\Release\Astro.exe;#1" /manifest Release\Astro.exe.intermediate.manifest "C:\Program Files\Microsoft Visual Studio 10.0\VC\Include\Manifest\dpiaware.manifest"
       FinalizeBuildStatus:
         Deleting file "Release\Astro.unsuccessfulbuild".
         Touching "Release\Astro.lastbuildstate".
     1>Done Building Project "D:\Research\SANTE_Proyect\AstroV2010\Astro\Astro.vcxproj" (build target(s)).

Build succeeded.

Time Elapsed 00:01:50.58
