D:\RESEARCH\SANTE_PROYECT\ASTRO\ASTRO\RELEASE\ASTRO.EXE.INTERMEDIATE.MANIFEST
D:\RESEARCH\SANTE_PROYECT\ASTRO\ASTRO\RELEASE\ASTRO.OBJ
D:\RESEARCH\SANTE_PROYECT\ASTRO\ASTRO\RELEASE\ASTRO.PCH
D:\RESEARCH\SANTE_PROYECT\ASTRO\ASTRO\RELEASE\ASTRO.RES
D:\RESEARCH\SANTE_PROYECT\ASTRO\ASTRO\RELEASE\ASTRODOC.OBJ
D:\RESEARCH\SANTE_PROYECT\ASTRO\ASTRO\RELEASE\ASTROVIEW.OBJ
D:\RESEARCH\SANTE_PROYECT\ASTRO\ASTRO\RELEASE\CDIB.OBJ
D:\RESEARCH\SANTE_PROYECT\ASTRO\ASTRO\RELEASE\CHILDFRM.OBJ
D:\Research\SANTE_Proyect\Astro\Astro\Release\cl.command.1.tlog
D:\Research\SANTE_Proyect\Astro\Astro\Release\CL.read.1.tlog
D:\Research\SANTE_Proyect\Astro\Astro\Release\CL.write.1.tlog
D:\RESEARCH\SANTE_PROYECT\ASTRO\ASTRO\RELEASE\DICOMINFO.OBJ
D:\RESEARCH\SANTE_PROYECT\ASTRO\ASTRO\RELEASE\IMAGEINFO.OBJ
D:\Research\SANTE_Proyect\Astro\Astro\Release\link.command.1.tlog
D:\Research\SANTE_Proyect\Astro\Astro\Release\link.read.1.tlog
D:\Research\SANTE_Proyect\Astro\Astro\Release\link.write.1.tlog
D:\Research\SANTE_Proyect\Astro\Astro\Release\link-cvtres.read.1.tlog
D:\Research\SANTE_Proyect\Astro\Astro\Release\link-cvtres.write.1.tlog
D:\RESEARCH\SANTE_PROYECT\ASTRO\ASTRO\RELEASE\MAINFRM.OBJ
D:\Research\SANTE_Proyect\Astro\Astro\Release\mt.command.1.tlog
D:\Research\SANTE_Proyect\Astro\Astro\Release\mt.read.1.tlog
D:\Research\SANTE_Proyect\Astro\Astro\Release\mt.write.1.tlog
D:\RESEARCH\SANTE_PROYECT\ASTRO\ASTRO\RELEASE\PROCESSTOOL.OBJ
D:\Research\SANTE_Proyect\Astro\Astro\Release\rc.command.1.tlog
D:\Research\SANTE_Proyect\Astro\Astro\Release\rc.read.1.tlog
D:\Research\SANTE_Proyect\Astro\Astro\Release\rc.write.1.tlog
D:\RESEARCH\SANTE_PROYECT\ASTRO\ASTRO\RELEASE\STDAFX.OBJ
D:\RESEARCH\SANTE_PROYECT\ASTRO\ASTRO\RELEASE\VC100.PDB
D:\RESEARCH\SANTE_PROYECT\ASTRO\RELEASE\ASTRO.EXE
D:\RESEARCH\SANTE_PROYECT\ASTRO\RELEASE\ASTRO.PDB
